<?xml version="1.0" encoding="UTF-8"?>
<!-- Generated by org.testng.reporters.JUnitXMLReporter -->
<testsuite hostname="DESKTOP-ESAT5E6" ignored="0" name="Test" tests="4" failures="0" timestamp="2022-08-27T16:43:49 IST" time="20.035" errors="0">
  <testcase name="facebooklogin" time="1.205" classname="sample.MyTest"/>
  <testcase name="makemytriplogin" time="3.97" classname="sample.MyTest"/>
  <testcase name="flipkartlogin" time="2.636" classname="sample.My2Test"/>
  <testcase name="ogibibologin" time="4.075" classname="sample.My2Test"/>
</testsuite> <!-- Test -->
