<?xml version="1.0" encoding="UTF-8"?>
<!-- Generated by org.testng.reporters.JUnitXMLReporter -->
<testsuite hostname="DESKTOP-ESAT5E6" ignored="2" name="Test" tests="2" failures="2" timestamp="2022-08-30T10:36:57 IST" time="0.061" errors="0">
  <testcase name="makemytriplogin" time="0.008" classname="sample.MyTest">
    <failure type="java.lang.NullPointerException">
      <![CDATA[java.lang.NullPointerException
at sample.MyTest.makemytriplogin(MyTest.java:43)
at java.util.ArrayList.forEach(ArrayList.java:1257)
... Removed 27 stack frames]]>
    </failure>
  </testcase> <!-- makemytriplogin -->
  <testcase name="ogibibologin" time="0.001" classname="sample.My2Test">
    <failure type="java.lang.NullPointerException">
      <![CDATA[java.lang.NullPointerException
at sample.My2Test.ogibibologin(My2Test.java:33)
at java.util.ArrayList.forEach(ArrayList.java:1257)
... Removed 27 stack frames]]>
    </failure>
  </testcase> <!-- ogibibologin -->
  <testcase name="facebooklogin" time="0.0" classname="sample.MyTest">
    <ignored/>
  </testcase> <!-- facebooklogin -->
  <testcase name="flipkartlogin" time="0.0" classname="sample.My2Test">
    <ignored/>
  </testcase> <!-- flipkartlogin -->
</testsuite> <!-- Test -->
